TN:
SF:src\agent\prompting.ts
FNF:2
FNH:2
DA:1,11
DA:2,12
DA:3,44
DA:4,63
DA:5,71
DA:6,101
DA:7,102
DA:8,117
DA:9,37
DA:10,12
DA:14,11
DA:15,12
DA:16,107
DA:17,142
DA:18,152
DA:19,136
DA:20,104
DA:21,101
DA:22,118
DA:23,76
DA:24,95
DA:25,57
DA:26,11
LF:23
LH:23
end_of_record
TN:
SF:src\agent\toolCallingLoop.ts
FNF:5
FNH:5
DA:4,71
DA:7,43
DA:9,22
DA:10,20
DA:11,6
DA:12,0
DA:13,0
DA:14,0
DA:15,0
DA:16,0
DA:17,0
DA:18,0
DA:19,1
DA:22,6
DA:23,10
DA:24,13
DA:25,8
DA:26,12
DA:27,8
DA:28,3
DA:29,40
DA:30,77
DA:31,53
DA:32,72
DA:33,2
DA:34,16
DA:35,22
DA:36,47
DA:37,39
DA:38,4
DA:39,20
DA:40,29
DA:41,33
DA:43,59
DA:44,35
DA:45,62
DA:46,52
DA:47,62
DA:48,49
DA:49,36
DA:50,4
DA:51,63
DA:52,26
DA:53,0
DA:54,0
DA:55,0
DA:56,0
DA:57,0
DA:58,6
DA:59,37
DA:60,46
DA:61,28
DA:62,35
DA:63,2
DA:64,8
DA:65,40
DA:66,0
DA:67,15
DA:68,35
DA:69,46
DA:71,32
DA:72,0
DA:73,0
DA:74,0
DA:75,0
DA:76,0
DA:77,0
DA:78,6
DA:79,51
DA:80,25
DA:81,28
DA:82,22
DA:83,34
DA:84,27
DA:85,11
DA:86,15
DA:87,87
DA:88,62
DA:89,27
DA:90,25
DA:91,36
DA:92,32
DA:93,41
DA:94,11
DA:95,0
DA:96,0
DA:97,0
DA:98,0
DA:99,0
DA:100,0
DA:101,0
DA:102,0
DA:103,0
DA:104,0
DA:105,6
DA:107,6
DA:108,8
DA:109,4
DA:110,49
DA:111,20
DA:112,0
DA:113,0
DA:114,0
DA:115,0
DA:116,0
DA:117,0
DA:118,0
DA:119,0
DA:121,0
LF:109
LH:71
end_of_record
TN:
SF:src\checkCoverage.ts
FNF:9
FNH:8
DA:1,37
DA:12,21
DA:13,33
DA:14,20
DA:15,6
DA:16,2
DA:17,21
DA:20,21
DA:21,21
DA:22,10
DA:23,2
DA:24,25
DA:27,16
DA:28,30
DA:31,18
DA:32,20
DA:33,17
DA:34,15
DA:35,21
DA:36,19
DA:37,19
DA:38,14
DA:39,4
DA:41,28
DA:42,18
DA:43,17
DA:44,15
DA:45,21
DA:46,19
DA:47,19
DA:48,14
DA:49,3
DA:51,8
DA:52,26
DA:53,18
DA:54,21
DA:55,19
DA:56,25
DA:57,23
DA:58,23
DA:59,18
DA:60,8
DA:61,6
DA:62,4
DA:63,41
DA:64,37
DA:65,49
DA:66,45
DA:67,45
DA:68,41
DA:69,16
DA:70,19
DA:71,17
DA:72,23
DA:73,21
DA:74,21
DA:75,16
DA:76,6
DA:79,47
DA:80,34
DA:81,39
DA:82,59
DA:83,8
DA:84,4
DA:85,36
DA:86,20
DA:87,28
DA:88,8
DA:89,4
DA:90,34
DA:91,53
DA:92,8
DA:93,4
DA:94,34
DA:95,51
DA:96,8
DA:97,4
DA:98,35
DA:99,57
DA:100,8
DA:101,4
DA:102,35
DA:103,55
DA:104,8
DA:105,4
DA:106,35
DA:107,55
DA:108,8
DA:109,4
DA:110,35
DA:111,51
DA:112,2
DA:113,2
DA:115,16
DA:116,14
DA:119,23
DA:120,36
DA:121,54
DA:122,66
DA:123,61
DA:124,20
DA:125,71
DA:126,83
DA:127,24
DA:128,46
DA:131,29
DA:132,68
DA:133,49
DA:134,29
DA:135,55
DA:136,85
DA:137,2
DA:139,31
DA:140,55
DA:141,2
DA:143,50
DA:144,80
DA:146,120
DA:148,22
DA:149,0
DA:150,2
DA:153,20
DA:154,0
DA:155,0
DA:157,0
LF:125
LH:121
end_of_record
TN:
SF:src\config\schema.ts
FNF:4
FNH:3
DA:1,24
DA:2,45
DA:4,49
DA:6,37
DA:7,29
DA:8,40
DA:9,39
DA:10,27
DA:11,3
DA:13,35
DA:14,24
DA:15,41
DA:16,3
DA:18,35
DA:19,37
DA:20,29
DA:21,38
DA:22,32
DA:23,32
DA:24,53
DA:25,102
DA:26,2
DA:27,44
DA:28,0
DA:29,1
DA:30,3
DA:32,63
DA:34,37
DA:35,32
DA:36,31
DA:37,28
DA:38,32
DA:39,36
DA:41,35
DA:42,47
DA:43,54
DA:44,3
DA:46,37
DA:47,56
DA:48,60
DA:49,61
DA:50,3
DA:53,40
DA:55,34
DA:56,3
DA:58,42
DA:59,27
DA:60,19
DA:61,32
DA:62,26
DA:63,5
DA:64,27
DA:65,42
DA:66,3
DA:71,16
DA:72,43
DA:73,19
DA:74,42
DA:75,22
DA:76,50
DA:77,24
DA:78,3
DA:79,26
DA:82,14
DA:83,18
DA:84,26
DA:85,69
DA:86,42
DA:87,2
DA:88,34
DA:91,0
DA:92,0
DA:93,0
DA:94,0
DA:95,0
DA:96,0
DA:97,0
DA:98,0
DA:99,0
DA:100,0
DA:101,0
DA:102,0
DA:103,0
DA:104,0
DA:105,0
DA:106,0
DA:107,0
DA:108,0
DA:109,0
DA:110,0
DA:111,0
DA:112,0
DA:113,0
DA:114,0
DA:115,0
DA:116,0
DA:117,0
DA:118,0
DA:119,0
DA:120,0
LF:100
LH:69
end_of_record
TN:
SF:src\generateTestsSanitize.ts
FNF:2
FNH:2
DA:5,18
DA:6,48
DA:8,52
DA:9,36
DA:11,17
DA:12,22
DA:13,52
DA:14,33
DA:15,30
DA:16,34
DA:17,0
DA:18,4
DA:20,17
DA:21,14
DA:22,2
DA:24,41
DA:25,10
DA:26,2
DA:28,41
DA:32,24
DA:33,35
DA:34,20
DA:35,25
DA:36,26
DA:37,25
DA:38,26
DA:39,26
DA:40,27
DA:41,27
DA:42,25
DA:44,22
DA:45,41
DA:46,2
DA:48,39
LF:34
LH:33
end_of_record
TN:
SF:src\openapiToPostman.ts
FNF:19
FNH:18
DA:1,44
DA:2,41
DA:3,36
DA:39,47
DA:40,49
DA:42,16
DA:43,33
DA:44,15
DA:45,0
DA:46,2
DA:47,20
DA:50,16
DA:51,20
DA:52,44
DA:53,36
DA:54,0
DA:55,2
DA:56,2
DA:57,13
DA:60,12
DA:61,21
DA:62,27
DA:63,0
DA:64,0
DA:65,0
DA:66,0
DA:67,0
DA:68,0
DA:69,0
DA:70,0
DA:71,0
DA:72,0
DA:73,2
DA:74,14
DA:77,0
DA:78,0
DA:79,0
DA:80,0
DA:81,0
DA:82,0
DA:83,0
DA:84,0
DA:85,0
DA:86,0
DA:90,10
DA:91,33
DA:94,9
DA:95,20
DA:96,0
DA:97,0
DA:98,0
DA:99,0
DA:100,0
DA:101,0
DA:102,2
DA:103,30
DA:104,37
DA:105,12
DA:106,0
DA:107,2
DA:108,36
DA:111,6
DA:112,7
DA:113,8
DA:114,3
DA:115,50
DA:116,59
DA:117,10
DA:118,0
DA:119,0
DA:120,6
DA:121,19
DA:122,0
DA:123,0
DA:124,6
DA:125,89
DA:126,50
DA:127,0
DA:128,0
DA:129,6
DA:130,24
DA:131,4
DA:132,1
DA:135,27
DA:136,22
DA:137,30
DA:138,60
DA:139,69
DA:140,37
DA:141,53
DA:142,6
DA:143,8
DA:144,4
DA:145,55
DA:146,48
DA:147,24
DA:148,2
DA:149,2
DA:150,16
DA:153,6
DA:154,12
DA:155,43
DA:156,3
DA:157,78
DA:158,63
DA:159,15
DA:160,15
DA:161,38
DA:162,1
DA:165,15
DA:166,50
DA:167,60
DA:170,29
DA:171,40
DA:172,38
DA:173,55
DA:174,55
DA:175,44
DA:176,68
DA:178,10
DA:179,0
DA:180,2
DA:181,9
DA:182,0
DA:183,2
DA:185,58
DA:186,42
DA:188,67
DA:189,26
DA:190,13
DA:191,5
DA:192,17
DA:193,38
DA:194,2
DA:195,64
DA:197,32
DA:198,36
DA:199,68
DA:200,27
DA:201,15
DA:202,5
DA:203,2
DA:205,43
DA:206,19
DA:207,53
DA:208,4
DA:209,72
DA:210,2
DA:212,43
DA:213,76
DA:214,19
DA:215,53
DA:216,4
DA:217,72
DA:218,1
LF:155
LH:118
end_of_record
TN:
SF:src\pr\reviewPrompt.ts
FNF:1
FNH:1
DA:4,17
DA:5,71
DA:6,95
DA:7,82
DA:8,85
DA:9,12
DA:11,19
DA:12,55
DA:13,18
DA:14,25
DA:15,7
DA:16,20
DA:17,14
DA:18,25
DA:19,7
DA:20,13
DA:22,12
DA:23,40
DA:24,33
DA:25,1
LF:20
LH:20
end_of_record
TN:
SF:src\pr\runReview.ts
FNF:2
FNH:2
DA:3,48
DA:5,6
DA:6,5
DA:7,4
DA:8,4
DA:9,3
DA:10,43
DA:11,44
DA:12,47
DA:13,42
DA:14,18
DA:15,51
DA:16,2
DA:17,31
LF:14
LH:14
end_of_record
TN:
SF:src\pr\sourceCodeApiProvider.ts
FNF:9
FNH:8
DA:11,53
DA:12,95
DA:15,47
DA:16,18
DA:17,134
DA:19,70
DA:20,17
DA:21,9
DA:22,33
DA:23,11
DA:24,18
DA:33,13
DA:34,72
DA:35,60
DA:36,96
DA:37,10
DA:39,32
DA:40,82
DA:41,102
DA:42,9
DA:43,90
DA:46,35
DA:49,55
DA:50,90
DA:51,17
DA:52,5
DA:53,30
DA:56,44
DA:57,336
DA:58,46
DA:59,60
DA:60,12
DA:61,45
DA:62,102
DA:63,9
DA:65,130
DA:66,40
DA:67,22
DA:68,14
DA:69,42
DA:70,57
DA:71,111
DA:72,9
DA:74,78
DA:75,78
DA:76,103
DA:77,141
DA:78,9
DA:80,28
DA:81,86
DA:82,9
DA:84,1
LF:52
LH:52
end_of_record
